07-02-2025 15:09:52.941 INFO  --- [com.kaiasia.app.AppApplication          ] - Starting AppApplication using Java 1.8.0_191 on DESKTOP-RJMUS47 with PID 7976 (D:\TT\Bank\customer_api\target\classes started by Truong in D:\TT\Bank\customer_api)
07-02-2025 15:09:52.946 DEBUG --- [com.kaiasia.app.AppApplication          ] - Running with Spring Boot v2.7.2, Spring v5.3.22
07-02-2025 15:09:52.947 INFO  --- [com.kaiasia.app.AppApplication          ] - No active profile set, falling back to 1 default profile: "default"
07-02-2025 15:09:58.600 DEBUG --- [com.kaiasia.app.register.ServiceRegister] - Found 1 classes with annotation SeabService
07-02-2025 15:09:59.643 INFO  --- [com.kaiasia.app.AppApplication          ] - Started AppApplication in 7.6 seconds (JVM running for 9.09)
07-02-2025 15:11:24.714 INFO  --- [com.kaiasia.app.core.MainRestController ] - MsgFromClient_Receive:ApiRequest(header=ApiHeader(reqType=REQUEST, api=CUSTOMER_API, apiKey=custinfoq51klfoni1ezxl5f2ckpfx671, channel=API, location=PC/IOS, requestAPI=FE API, requestNode=node 01, duration=null, priority=1, context=null, synasyn=false), body={command=GET_ENQUIRY, enquiry={authenType=getCUSTINFO, sessionId=281692_1738643940211_d5ad8f45034347db9595b0b63d4adfcb, customerID=281692}, status=OK}, _reqId=null, _rejectCounter=null, _sendTime=null, _command=null, _authenType=null, _timeOut=null)
07-02-2025 15:11:24.723 DEBUG --- [com.kaiasia.app.register.ServiceRegister] - Execute method validate for AuthenType: VALIDATE_getCUSTINFO
07-02-2025 15:11:24.829 INFO  --- [com.kaiasia.app.core.ValidateImpl       ] - 000 OK
07-02-2025 15:11:24.829 INFO  --- [com.kaiasia.app.core.MainRestController ] - 1738915884829000_0000_5597ae430b444871aa1a68038cd23b83#[API-BEGIN]
07-02-2025 15:11:24.888 INFO  --- [com.kaiasia.app.core.dao.APIDaoManager  ] - InsertAPIReqs()1738915884829000_0000_5597ae430b444871aa1a68038cd23b83#BEGIN
07-02-2025 15:11:25.109 INFO  --- [com.kaiasia.app.core.dao.APIDaoManager  ] - InsertAPIReqs()1738915884829000_0000_5597ae430b444871aa1a68038cd23b83#END
07-02-2025 15:11:25.133 INFO  --- [com.kaiasia.app.core.ProcessService     ] - 1738915884829000_0000_5597ae430b444871aa1a68038cd23b83##pushApiReqToQueue#Duration:304
07-02-2025 15:11:25.515 INFO  --- [com.kaiasia.app.core.ProcessThread      ] - checkTimeInQueue: 0
07-02-2025 15:11:25.515 DEBUG --- [com.kaiasia.app.core.ProcessImpl        ] - received msg: ApiRequest(header=ApiHeader(reqType=REQUEST, api=CUSTOMER_API, apiKey=custinfoq51klfoni1ezxl5f2ckpfx671, channel=API, location=PC/IOS, requestAPI=FE API, requestNode=node 01, duration=null, priority=1, context=null, synasyn=false), body={command=GET_ENQUIRY, enquiry={authenType=getCUSTINFO, sessionId=281692_1738643940211_d5ad8f45034347db9595b0b63d4adfcb, customerID=281692}, status=OK}, _reqId=1738915884829000_0000_5597ae430b444871aa1a68038cd23b83, _rejectCounter=null, _sendTime=null, _command=null, _authenType=null, _timeOut=null)
07-02-2025 15:11:25.515 DEBUG --- [com.kaiasia.app.register.ServiceRegister] - Execute method AuthenType: getCUSTINFO
07-02-2025 15:11:25.517 INFO  --- [ms.apiclient.client.common.ApiCallClient] - CustomerInfo-281692_1738643940211_d5ad8f45034347db9595b0b63d4adfcb-1738915885516#begin call api AUTH_API
07-02-2025 15:11:26.129 INFO  --- [ms.apiclient.client.common.ApiCallClient] - CustomerInfo-281692_1738643940211_d5ad8f45034347db9595b0b63d4adfcb-1738915885516#end call api AUTH_API
07-02-2025 15:11:28.443 INFO  --- [ms.apiclient.client.common.ApiCallClient] - CustomerInfo-281692_1738643940211_d5ad8f45034347db9595b0b63d4adfcb-1738915885516#begin call api T24_UTIL_API
07-02-2025 15:11:29.292 INFO  --- [ms.apiclient.client.common.ApiCallClient] - CustomerInfo-281692_1738643940211_d5ad8f45034347db9595b0b63d4adfcb-1738915885516#end call api T24_UTIL_API
07-02-2025 15:11:29.305 WARN  --- [com.kaiasia.app.service.customer.service.CustomerService] - 281692Vu Van Phai
07-02-2025 15:11:29.348 INFO  --- [com.kaiasia.app.service.customer.service.CustomerService] - Customer info cached with key: CustomerInfo:281692_1738643940211_d5ad8f45034347db9595b0b63d4adfcb:281692
07-02-2025 15:11:29.404 INFO  --- [com.kaiasia.app.core.ProcessThread      ] - 1738915884829000_0000_5597ae430b444871aa1a68038cd23b83#saveResponse#Duration: 56
07-02-2025 15:11:29.437 INFO  --- [com.kaiasia.app.core.MainRestController ] - 1738915884829000_0000_5597ae430b444871aa1a68038cd23b83##END
07-02-2025 15:11:29.438 INFO  --- [com.kaiasia.app.core.MainRestController ] - 1738915884829000_0000_5597ae430b444871aa1a68038cd23b83#MsgFromClient_Response:ApiResponse(header=ApiHeader(reqType=RESPONSE, api=CUSTOMER_API, apiKey=custinfoq51klfoni1ezxl5f2ckpfx671, channel=API, location=PC/IOS, requestAPI=FE API, requestNode=node 01, duration=4493, priority=1, context=null, synasyn=false), body={enquiry={country=VN, address=Hai Duong, legalDocName=CCCD, legalId=00121235478, language=VN, customerName=Vu Van Phai, customerStatus=ACTIVE, legalExpDate=null, customerType=IND, phone=0123456789, customerID=281692, company=VN100001, email=phai.vu@gmail.com}, status=OK}, error=null)#Total time: 4724
07-02-2025 15:12:36.364 INFO  --- [com.kaiasia.app.core.MainRestController ] - MsgFromClient_Receive:ApiRequest(header=ApiHeader(reqType=REQUEST, api=CUSTOMER_API, apiKey=custinfoq51klfoni1ezxl5f2ckpfx671, channel=API, location=PC/IOS, requestAPI=FE API, requestNode=node 01, duration=null, priority=1, context=null, synasyn=false), body={command=GET_ENQUIRY, enquiry={authenType=getCUSTINFO, sessionId=281692_1738643940211_d5ad8f45034347db9595b0b63d4adfcb, customerID=281692}, status=OK}, _reqId=null, _rejectCounter=null, _sendTime=null, _command=null, _authenType=null, _timeOut=null)
07-02-2025 15:12:36.364 DEBUG --- [com.kaiasia.app.register.ServiceRegister] - Execute method validate for AuthenType: VALIDATE_getCUSTINFO
07-02-2025 15:12:36.365 INFO  --- [com.kaiasia.app.core.ValidateImpl       ] - 000 OK
07-02-2025 15:12:36.365 INFO  --- [com.kaiasia.app.core.MainRestController ] - 1738915956365000_0000_b803bceb4e5e4350bd240901a7c7e75f#[API-BEGIN]
07-02-2025 15:12:36.392 INFO  --- [com.kaiasia.app.core.dao.APIDaoManager  ] - InsertAPIReqs()1738915956365000_0000_b803bceb4e5e4350bd240901a7c7e75f#BEGIN
07-02-2025 15:12:36.602 INFO  --- [com.kaiasia.app.core.dao.APIDaoManager  ] - InsertAPIReqs()1738915956365000_0000_b803bceb4e5e4350bd240901a7c7e75f#END
07-02-2025 15:12:36.627 INFO  --- [com.kaiasia.app.core.ProcessService     ] - 1738915956365000_0000_b803bceb4e5e4350bd240901a7c7e75f##pushApiReqToQueue#Duration:262
07-02-2025 15:12:37.090 INFO  --- [com.kaiasia.app.core.ProcessThread      ] - checkTimeInQueue: 0
07-02-2025 15:12:37.090 DEBUG --- [com.kaiasia.app.core.ProcessImpl        ] - received msg: ApiRequest(header=ApiHeader(reqType=REQUEST, api=CUSTOMER_API, apiKey=custinfoq51klfoni1ezxl5f2ckpfx671, channel=API, location=PC/IOS, requestAPI=FE API, requestNode=node 01, duration=null, priority=1, context=null, synasyn=false), body={command=GET_ENQUIRY, enquiry={authenType=getCUSTINFO, sessionId=281692_1738643940211_d5ad8f45034347db9595b0b63d4adfcb, customerID=281692}, status=OK}, _reqId=1738915956365000_0000_b803bceb4e5e4350bd240901a7c7e75f, _rejectCounter=null, _sendTime=null, _command=null, _authenType=null, _timeOut=null)
07-02-2025 15:12:37.091 DEBUG --- [com.kaiasia.app.register.ServiceRegister] - Execute method AuthenType: getCUSTINFO
07-02-2025 15:12:37.091 INFO  --- [ms.apiclient.client.common.ApiCallClient] - CustomerInfo-281692_1738643940211_d5ad8f45034347db9595b0b63d4adfcb-1738915957091#begin call api AUTH_API
07-02-2025 15:12:37.845 INFO  --- [ms.apiclient.client.common.ApiCallClient] - CustomerInfo-281692_1738643940211_d5ad8f45034347db9595b0b63d4adfcb-1738915957091#end call api AUTH_API
07-02-2025 15:12:37.887 ERROR --- [com.kaiasia.app.service.customer.service.CustomerService] - Error while accessing Redis: java.lang.String cannot be cast to ms.apiclient.model.ApiResponse
07-02-2025 15:12:37.887 INFO  --- [ms.apiclient.client.common.ApiCallClient] - CustomerInfo-281692_1738643940211_d5ad8f45034347db9595b0b63d4adfcb-1738915957091#begin call api T24_UTIL_API
07-02-2025 15:12:38.163 INFO  --- [ms.apiclient.client.common.ApiCallClient] - CustomerInfo-281692_1738643940211_d5ad8f45034347db9595b0b63d4adfcb-1738915957091#end call api T24_UTIL_API
07-02-2025 15:12:38.167 WARN  --- [com.kaiasia.app.service.customer.service.CustomerService] - 281692Vu Van Phai
07-02-2025 15:12:38.193 INFO  --- [com.kaiasia.app.service.customer.service.CustomerService] - Customer info cached with key: CustomerInfo:281692_1738643940211_d5ad8f45034347db9595b0b63d4adfcb:281692
07-02-2025 15:12:38.244 INFO  --- [com.kaiasia.app.core.ProcessThread      ] - 1738915956365000_0000_b803bceb4e5e4350bd240901a7c7e75f#saveResponse#Duration: 51
07-02-2025 15:12:38.317 INFO  --- [com.kaiasia.app.core.MainRestController ] - 1738915956365000_0000_b803bceb4e5e4350bd240901a7c7e75f##END
07-02-2025 15:12:38.317 INFO  --- [com.kaiasia.app.core.MainRestController ] - 1738915956365000_0000_b803bceb4e5e4350bd240901a7c7e75f#MsgFromClient_Response:ApiResponse(header=ApiHeader(reqType=RESPONSE, api=CUSTOMER_API, apiKey=custinfoq51klfoni1ezxl5f2ckpfx671, channel=API, location=PC/IOS, requestAPI=FE API, requestNode=node 01, duration=1828, priority=1, context=null, synasyn=false), body={enquiry={country=VN, address=Hai Duong, legalDocName=CCCD, legalId=00121235478, language=VN, customerName=Vu Van Phai, customerStatus=ACTIVE, legalExpDate=null, customerType=IND, phone=0123456789, customerID=281692, company=VN100001, email=phai.vu@gmail.com}, status=OK}, error=null)#Total time: 1953
